Dec 06, 2017 3:16:47 PM launcher.Launcher addUrl
WARNING: https://news.google.com has been added as a seed URL
Dec 06, 2017 3:17:03 PM launcher.Launcher addUrl
WARNING: http://www.cnn.com has been added as a seed URL
Dec 06, 2017 3:17:25 PM launcher.Launcher addProducer
WARNING: Fetcher #1 has started
Dec 06, 2017 3:17:25 PM launcher.Launcher addConsumer
WARNING: Parser #1 has started
Dec 06, 2017 3:17:26 PM launcher.Launcher addProducer
WARNING: Fetcher #2 has started
Dec 06, 2017 3:17:27 PM launcher.Launcher addConsumer
WARNING: Parser #2 has started
Dec 06, 2017 3:17:27 PM launcher.Launcher addProducer
WARNING: Fetcher #3 has started
Dec 06, 2017 3:17:28 PM launcher.Launcher addConsumer
WARNING: Parser #3 has started
Dec 06, 2017 3:17:28 PM launcher.Launcher addProducer
WARNING: Fetcher #4 has started
Dec 06, 2017 3:17:29 PM launcher.Launcher addConsumer
WARNING: Parser #4 has started
Dec 06, 2017 3:17:29 PM launcher.Launcher addProducer
WARNING: Fetcher #5 has started
Dec 06, 2017 3:17:30 PM launcher.Launcher addConsumer
WARNING: Parser #5 has started
Dec 06, 2017 3:17:30 PM launcher.Launcher addProducer
WARNING: Fetcher #6 has started
Dec 06, 2017 3:17:31 PM launcher.Launcher addConsumer
WARNING: Parser #6 has started
Dec 06, 2017 3:17:31 PM launcher.Launcher addProducer
WARNING: Fetcher #7 has started
Dec 06, 2017 3:17:32 PM producers.Fetcher run
WARNING: Download Failure: Server returned HTTP response code: 403 for URL: http://www.valuewalk.com/2017/12/trump-jerusalem-israel-us-embassy/
Dec 06, 2017 3:17:32 PM launcher.Launcher addConsumer
WARNING: Parser #7 has started
Dec 06, 2017 3:17:32 PM producers.Fetcher run
WARNING: Download Failure: Server returned HTTP response code: 403 for URL: http://greece.greekreporter.com/2017/12/06/tsipras-on-the-eve-of-erdogans-visit-turkeys-coup-plotters-are-not-welcome-in-greece/
Dec 06, 2017 3:17:32 PM launcher.Launcher addProducer
WARNING: Fetcher #8 has started
Dec 06, 2017 3:17:33 PM launcher.Launcher addConsumer
WARNING: Parser #8 has started
Dec 06, 2017 3:17:33 PM launcher.Launcher addProducer
WARNING: Fetcher #9 has started
Dec 06, 2017 3:17:34 PM launcher.Launcher addConsumer
WARNING: Parser #9 has started
Dec 06, 2017 3:17:34 PM launcher.Launcher addProducer
WARNING: Fetcher #10 has started
Dec 06, 2017 3:17:34 PM producers.Fetcher run
WARNING: Download Failure: Server returned HTTP response code: 403 for URL: http://www.sfexaminer.com/college-board-halts-plans-new-baseball-stadium/
Dec 06, 2017 3:17:34 PM launcher.Launcher addConsumer
WARNING: Parser #10 has started
Dec 06, 2017 3:17:35 PM producers.Fetcher run
WARNING: Download Failure: Server returned HTTP response code: 403 for URL: http://www.auburn-reporter.com/news/pacin-parson-walks-for-als/
Dec 06, 2017 3:17:35 PM launcher.Launcher addProducer
WARNING: Fetcher #11 has started
Dec 06, 2017 3:17:35 PM launcher.Launcher addConsumer
WARNING: Parser #11 has started
Dec 06, 2017 3:17:36 PM launcher.Launcher addProducer
WARNING: Fetcher #12 has started
Dec 06, 2017 3:17:37 PM launcher.Launcher addConsumer
WARNING: Parser #12 has started
Dec 06, 2017 3:17:55 PM producers.Fetcher run
WARNING: Download Failure: Server returned HTTP response code: 403 for URL: http://www.cnnnewsource.com/xmlrpc.php?rsd
Dec 06, 2017 3:18:06 PM producers.Fetcher run
WARNING: Download Failure: http://www.tribdss.com
Dec 06, 2017 3:18:06 PM producers.Fetcher run
WARNING: Download Failure: http://ssor.tribdss.com
Dec 06, 2017 3:18:06 PM producers.Fetcher run
WARNING: Download Failure: http://www.tribdss.com
Dec 06, 2017 3:18:06 PM producers.Fetcher run
WARNING: Download Failure: Server redirected too many  times (20)
Dec 06, 2017 3:18:09 PM producers.Fetcher run
WARNING: Download Failure: Server returned HTTP response code: 405 for URL: http://deadline.com/xmlrpc.php
Dec 06, 2017 3:18:09 PM producers.Fetcher run
WARNING: Download Failure: http://ssor.tribdss.com
Dec 06, 2017 3:18:11 PM producers.Fetcher run
WARNING: Download Failure: http://ssor.tribdss.com
Dec 06, 2017 3:18:12 PM producers.Fetcher run
WARNING: Download Failure: http://www.tribdss.com
Dec 06, 2017 3:18:12 PM producers.Fetcher run
WARNING: Download Failure: Server returned HTTP response code: 403 for URL: http://readyventuracounty.org/
Dec 06, 2017 3:18:12 PM producers.Fetcher run
WARNING: Download Failure: http://ssor.tribdss.com
Dec 06, 2017 3:18:12 PM producers.Fetcher run
WARNING: Download Failure: http://www.tribdss.com
Dec 06, 2017 3:18:12 PM producers.Fetcher run
WARNING: Download Failure: Server redirected too many  times (20)
Dec 06, 2017 3:18:14 PM producers.Fetcher run
WARNING: Download Failure: mobile.thehill.com
Dec 06, 2017 3:18:14 PM producers.Fetcher run
WARNING: Download Failure: http://ssor.tribdss.com
Dec 06, 2017 3:18:14 PM producers.Fetcher run
WARNING: Download Failure: http://www.tribdss.com
Dec 06, 2017 3:18:15 PM producers.Fetcher run
WARNING: Download Failure: %C2%A0https
Dec 06, 2017 3:18:34 PM producers.Fetcher run
WARNING: Download Failure: mobile.thehill.com
Dec 06, 2017 3:18:36 PM producers.Fetcher run
WARNING: Download Failure: Server returned HTTP response code: 405 for URL: http://politics.blog.myajc.com/xmlrpc.php
Dec 06, 2017 3:18:36 PM producers.Fetcher run
WARNING: Download Failure: Server returned HTTP response code: 504 for URL: http://forecast.weather.gov/glossary.php?word=santa%20ana%20wind
Dec 06, 2017 3:18:36 PM producers.Fetcher run
WARNING: Download Failure: Server returned HTTP response code: 504 for URL: http://studies.aljazeera.net/en/
Dec 06, 2017 3:18:37 PM producers.Fetcher run
WARNING: Download Failure: Server returned HTTP response code: 403 for URL: http://zor.fyre.co/wjs/v3.0/css/livefyre_
Dec 06, 2017 3:18:40 PM producers.Fetcher run
WARNING: Download Failure: mobile.thehill.com
Dec 06, 2017 3:18:40 PM producers.Fetcher run
WARNING: Download Failure: Server returned HTTP response code: 403 for URL: http://influence.mediadc.com/washington-examiner
Dec 06, 2017 3:18:40 PM producers.Fetcher run
WARNING: Download Failure: Server returned HTTP response code: 403 for URL: http://2020.washingtonexaminer.com/
Dec 06, 2017 3:18:42 PM producers.Fetcher run
WARNING: Download Failure: Server returned HTTP response code: 403 for URL: http://newsweekpakistan.com
Dec 06, 2017 3:18:43 PM producers.Fetcher run
WARNING: Download Failure: Server returned HTTP response code: 999 for URL: http://www.linkedin.com/company/newsweek
Dec 06, 2017 3:18:43 PM producers.Fetcher run
WARNING: Download Failure: Server returned HTTP response code: 403 for URL: http://www.cnnnewsource.com/xmlrpc.php?rsd
Dec 06, 2017 3:18:54 PM producers.Fetcher run
WARNING: Download Failure: mobile.thehill.com
Dec 06, 2017 3:18:56 PM producers.Fetcher run
WARNING: Download Failure: Premature EOF
Dec 06, 2017 3:18:59 PM launcher.Launcher addProducer
WARNING: Fetcher #13 has started
Dec 06, 2017 3:19:00 PM launcher.Launcher addProducer
WARNING: Fetcher #14 has started
Dec 06, 2017 3:19:00 PM producers.Fetcher run
WARNING: Download Failure: Server returned HTTP response code: 403 for URL: http://blogs.post-gazette.com/sports
Dec 06, 2017 3:19:00 PM launcher.Launcher addProducer
WARNING: Fetcher #15 has started
Dec 06, 2017 3:19:01 PM launcher.Launcher addProducer
WARNING: Fetcher #16 has started
Dec 06, 2017 3:19:01 PM producers.Fetcher run
WARNING: Download Failure: Server returned HTTP response code: 403 for URL: http://blogs.post-gazette.com/index.php/opinion/rob-rogers-cartoons
Dec 06, 2017 3:19:01 PM launcher.Launcher addProducer
WARNING: Fetcher #17 has started
Dec 06, 2017 3:19:01 PM producers.Fetcher run
WARNING: Download Failure: http://games.post-gazette.com/errors/errorarena.aspx
Dec 06, 2017 3:19:01 PM launcher.Launcher addProducer
WARNING: Fetcher #18 has started
Dec 06, 2017 3:19:02 PM launcher.Launcher addProducer
WARNING: Fetcher #19 has started
Dec 06, 2017 3:19:02 PM launcher.Launcher addProducer
WARNING: Fetcher #20 has started
Dec 06, 2017 3:19:03 PM launcher.Launcher addProducer
WARNING: Fetcher #21 has started
Dec 06, 2017 3:19:03 PM launcher.Launcher addProducer
WARNING: Fetcher #22 has started
Dec 06, 2017 3:19:03 PM launcher.Launcher addProducer
WARNING: Fetcher #23 has started
Dec 06, 2017 3:19:04 PM launcher.Launcher addProducer
WARNING: Fetcher #24 has started
Dec 06, 2017 3:19:04 PM launcher.Launcher addProducer
WARNING: Fetcher #25 has started
Dec 06, 2017 3:19:04 PM launcher.Launcher addProducer
WARNING: Fetcher #26 has started
Dec 06, 2017 3:19:04 PM producers.Fetcher run
WARNING: Download Failure: Server returned HTTP response code: 403 for URL: http://blogs.post-gazette.com/
Dec 06, 2017 3:19:05 PM launcher.Launcher addProducer
WARNING: Fetcher #27 has started
Dec 06, 2017 3:19:05 PM launcher.Launcher addProducer
WARNING: Fetcher #28 has started
Dec 06, 2017 3:19:06 PM launcher.Launcher addProducer
WARNING: Fetcher #29 has started
Dec 06, 2017 3:19:06 PM launcher.Launcher addProducer
WARNING: Fetcher #30 has started
Dec 06, 2017 3:19:06 PM launcher.Launcher addProducer
WARNING: Fetcher #31 has started
Dec 06, 2017 3:19:07 PM launcher.Launcher addProducer
WARNING: Fetcher #32 has started
Dec 06, 2017 3:19:07 PM launcher.Launcher addProducer
WARNING: Fetcher #33 has started
Dec 06, 2017 3:19:07 PM producers.Fetcher run
WARNING: Download Failure: Server returned HTTP response code: 403 for URL: http://www.justjared.com/xmlrpc.php
Dec 06, 2017 3:19:07 PM producers.Fetcher run
WARNING: Download Failure: Server returned HTTP response code: 403 for URL: http://www.justjared.com/xmlrpc.php?rsd
Dec 06, 2017 3:19:07 PM launcher.Launcher addProducer
WARNING: Fetcher #34 has started
Dec 06, 2017 3:19:08 PM producers.Fetcher run
WARNING: Download Failure: Server redirected too many  times (20)
Dec 06, 2017 3:19:08 PM launcher.Launcher addProducer
WARNING: Fetcher #35 has started
Dec 06, 2017 3:19:08 PM launcher.Launcher addProducer
WARNING: Fetcher #36 has started
Dec 06, 2017 3:19:08 PM producers.Fetcher run
WARNING: Download Failure: Server returned HTTP response code: 405 for URL: http://bgr.com/xmlrpc.php
Dec 06, 2017 3:19:08 PM launcher.Launcher addProducer
WARNING: Fetcher #37 has started
Dec 06, 2017 3:19:09 PM producers.Fetcher run
WARNING: Download Failure: Server redirected too many  times (20)
Dec 06, 2017 3:19:10 PM producers.Fetcher run
WARNING: Download Failure: http://ssor.tribdss.com
Dec 06, 2017 3:19:10 PM producers.Fetcher run
WARNING: Download Failure: http://www.tribdss.com
Dec 06, 2017 3:19:12 PM producers.Fetcher run
WARNING: Download Failure: Server returned HTTP response code: 999 for URL: http://www.linkedin.com/company/ht-mint
Dec 06, 2017 3:19:12 PM producers.Fetcher run
WARNING: Download Failure: http://ftpcontent.worldnow.com/kfmbam/images/CBS8-Default-FB-Logo.jpg
Dec 06, 2017 3:19:12 PM producers.Fetcher run
WARNING: Download Failure: http://www.padems.com/privacy-policy
Dec 06, 2017 3:19:12 PM producers.Fetcher run
WARNING: Download Failure: Server returned HTTP response code: 403 for URL: http://www.metacritic.com/
Dec 06, 2017 3:19:12 PM producers.Fetcher run
WARNING: Download Failure: Server returned HTTP response code: 403 for URL: http://www.tv.com/
Dec 06, 2017 3:19:20 PM producers.Fetcher run
WARNING: Download Failure: http://www.tribdss.com
Dec 06, 2017 3:19:21 PM producers.Fetcher run
WARNING: Download Failure: Server returned HTTP response code: 405 for URL: http://profootballtalk.nbcsports.com/xmlrpc.php
Dec 06, 2017 3:19:23 PM producers.Fetcher run
WARNING: Download Failure: http://ssor.tribdss.com
Dec 06, 2017 3:19:23 PM producers.Fetcher run
WARNING: Download Failure: Server redirected too many  times (20)
Dec 06, 2017 3:19:27 PM producers.Fetcher run
WARNING: Download Failure: newspaperads.mercurynews.com
Dec 06, 2017 3:19:28 PM producers.Fetcher run
WARNING: Download Failure: http://classifieds.nj.com/?error_url=http%3A%2F%2Fclassifieds.nj.com%2FMerch%3Fcur_cat%3D6869%26amp%253Borig_cat%3D6869%26amp%253Bproperty%3Dnj.com%26amp%253Borig_prop%3Dnj.com%26amp%253Btemp_type%3Dbrowse%26amp%253Bcategory%3Dresults%26amp%253Btp%3DME_nj%26amp%253Bclassification%3DNotices%2520and%2520Announcements&error_msg=Template%20not%20found
Dec 06, 2017 3:19:33 PM producers.Fetcher run
WARNING: Download Failure: Server redirected too many  times (20)
Dec 06, 2017 3:19:34 PM producers.Fetcher run
WARNING: Download Failure: http://classifieds.nj.com/?error_url=http%3A%2F%2Fclassifieds.nj.com%2FMerch%3Forig_cat%3D%26amp%253Bproperty%3Dnj.com%26amp%253Borig_prop%3Dnj.com%26amp%253Bads_per_page%3D20%26amp%253Btemp_type%3Dbrowse%26amp%253Bcategory%3Dresults%26amp%253Btp%3DME_nj%26amp%253Bclassification%3DPets&error_msg=Template%20not%20found
Dec 06, 2017 3:19:34 PM producers.Fetcher run
WARNING: Download Failure: http://classifieds.nj.com/?error_url=http%3A%2F%2Fclassifieds.nj.com%2FMerch%3Forig_cat%3D%26amp%253Bproperty%3Dnj.com%26amp%253Borig_prop%3Dnj.com%26amp%253Btemp_type%3Dbrowse%26amp%253Bcategory%3Dresults%26amp%253Btp%3DME_nj%26amp%253Bclassification%3DGarage-Yard%2520and%2520Estate%2520Sales&error_msg=Template%20not%20found
Dec 06, 2017 3:19:34 PM producers.Fetcher run
WARNING: Download Failure: http://classifieds.nj.com/?error_url=http%3A%2F%2Fclassifieds.nj.com%2FMerch%3Forig_cat%3D%26amp%253Bproperty%3Dnj.com%26amp%253Borig_prop%3Dnj.com%26amp%253Btemp_type%3Dbrowse%26amp%253Bcategory%3Dresults%26amp%253Btp%3DME_nj%26amp%253Bclassification%3DFor%2520Sale&error_msg=Template%20not%20found
Dec 06, 2017 3:19:35 PM producers.Fetcher run
WARNING: Download Failure: Server redirected too many  times (20)
Dec 06, 2017 3:19:35 PM producers.Fetcher run
WARNING: Download Failure: Server returned HTTP response code: 403 for URL: http://www.njadvancemedia.com/us/
Dec 06, 2017 3:19:35 PM producers.Fetcher run
WARNING: Download Failure: Server returned HTTP response code: 403 for URL: http://www.njadvancemedia.com/?utmsource=nj.com&amp;utm_medium=link&amp;utm_campaign=footer
Dec 06, 2017 3:19:35 PM producers.Fetcher run
WARNING: Download Failure: Server returned HTTP response code: 403 for URL: http://www.njadvancemedia.com/us/careers/
Dec 06, 2017 3:19:36 PM producers.Fetcher run
WARNING: Download Failure: http://classifieds.nj.com/?error_url=http%3A%2F%2Fclassifieds.nj.com%2FMerch%3Fcur_cat%3D6869%26amp%253Borig_cat%3D6869%26amp%253Bproperty%3Dnj.com%26amp%253Borig_prop%3Dnj.com%26amp%253Btemp_type%3Dbrowse%26amp%253Bcategory%3Dresults%26amp%253Btp%3DME_nj%26amp%253Bclassification%3DNotices%2520and%2520Announcements&error_msg=Template%20not%20found
Dec 06, 2017 3:19:36 PM producers.Fetcher run
WARNING: Download Failure: http://sections.nj.com/SS/Tiles2.aspx
Dec 06, 2017 3:19:37 PM producers.Fetcher run
WARNING: Download Failure: Server returned HTTP response code: 403 for URL: http://www.njadvancemedia.com/us/
Dec 06, 2017 3:19:38 PM producers.Fetcher run
WARNING: Download Failure: http://events.sfgate.com/search?acat=&new=n&sort=0&srad=50&srss=10&ssrss=5&st=event&svt=text&swhat=&swhen=&swhere=San+Francisco%2CCA&trim=1&cat=1111
Dec 06, 2017 3:19:38 PM producers.Fetcher run
WARNING: Download Failure: http://ssor.tribdss.com
Dec 06, 2017 3:19:38 PM producers.Fetcher run
WARNING: Download Failure: http://www.tribdss.com
Dec 06, 2017 3:19:39 PM producers.Fetcher run
WARNING: Download Failure: http://ssor.tribdss.com
Dec 06, 2017 3:19:39 PM producers.Fetcher run
WARNING: Download Failure: http://www.tribdss.com
Dec 06, 2017 3:19:39 PM producers.Fetcher run
WARNING: Download Failure: http://sa.bbc.co.uk/
Dec 06, 2017 3:19:41 PM launcher.Launcher addProducer
WARNING: Fetcher #38 has started
Dec 06, 2017 3:19:41 PM producers.Fetcher run
WARNING: Download Failure: Server redirected too many  times (20)
Dec 06, 2017 3:19:42 PM launcher.Launcher addProducer
WARNING: Fetcher #39 has started
Dec 06, 2017 3:19:42 PM launcher.Launcher addProducer
WARNING: Fetcher #40 has started
Dec 06, 2017 3:19:42 PM launcher.Launcher addProducer
WARNING: Fetcher #41 has started
Dec 06, 2017 3:19:42 PM launcher.Launcher addProducer
WARNING: Fetcher #42 has started
Dec 06, 2017 3:19:42 PM launcher.Launcher addProducer
WARNING: Fetcher #43 has started
Dec 06, 2017 3:19:43 PM launcher.Launcher addProducer
WARNING: Fetcher #44 has started
Dec 06, 2017 3:19:43 PM launcher.Launcher addProducer
WARNING: Fetcher #45 has started
Dec 06, 2017 3:19:43 PM launcher.Launcher addProducer
WARNING: Fetcher #46 has started
Dec 06, 2017 3:19:43 PM launcher.Launcher addProducer
WARNING: Fetcher #47 has started
Dec 06, 2017 3:19:44 PM producers.Fetcher run
WARNING: Download Failure: Server redirected too many  times (20)
Dec 06, 2017 3:19:44 PM launcher.Launcher addProducer
WARNING: Fetcher #48 has started
Dec 06, 2017 3:19:44 PM launcher.Launcher addProducer
WARNING: Fetcher #49 has started
Dec 06, 2017 3:19:44 PM launcher.Launcher addProducer
WARNING: Fetcher #50 has started
Dec 06, 2017 3:19:44 PM launcher.Launcher addProducer
WARNING: Fetcher #51 has started
Dec 06, 2017 3:19:45 PM launcher.Launcher addProducer
WARNING: Fetcher #52 has started
Dec 06, 2017 3:19:45 PM launcher.Launcher addProducer
WARNING: Fetcher #53 has started
Dec 06, 2017 3:19:45 PM launcher.Launcher addProducer
WARNING: Fetcher #54 has started
Dec 06, 2017 3:19:45 PM launcher.Launcher addProducer
WARNING: Fetcher #55 has started
Dec 06, 2017 3:19:46 PM launcher.Launcher addProducer
WARNING: Fetcher #56 has started
Dec 06, 2017 3:19:46 PM producers.Fetcher run
WARNING: Download Failure: Server returned HTTP response code: 403 for URL: http://www.theweek.co.uk
Dec 06, 2017 3:19:46 PM launcher.Launcher addProducer
WARNING: Fetcher #57 has started
Dec 06, 2017 3:19:46 PM launcher.Launcher addProducer
WARNING: Fetcher #58 has started
Dec 06, 2017 3:19:46 PM producers.Fetcher run
WARNING: Download Failure: Server returned HTTP response code: 403 for URL: http://www.theweek.co.uk
Dec 06, 2017 3:19:46 PM launcher.Launcher addProducer
WARNING: Fetcher #59 has started
Dec 06, 2017 3:19:46 PM producers.Fetcher run
WARNING: Download Failure: Server returned HTTP response code: 400 for URL: http://twitter.com/share?url=${param.requestUri}&text={page.title}
Dec 06, 2017 3:19:47 PM launcher.Launcher addProducer
WARNING: Fetcher #60 has started
Dec 06, 2017 3:19:47 PM launcher.Launcher addProducer
WARNING: Fetcher #61 has started
Dec 06, 2017 3:19:47 PM launcher.Launcher addProducer
WARNING: Fetcher #62 has started
Dec 06, 2017 3:19:47 PM launcher.Launcher addProducer
WARNING: Fetcher #63 has started
Dec 06, 2017 3:19:48 PM launcher.Launcher addProducer
WARNING: Fetcher #64 has started
Dec 06, 2017 3:19:48 PM launcher.Launcher addProducer
WARNING: Fetcher #65 has started
Dec 06, 2017 3:19:48 PM launcher.Launcher addProducer
WARNING: Fetcher #66 has started
Dec 06, 2017 3:19:48 PM launcher.Launcher addProducer
WARNING: Fetcher #67 has started
Dec 06, 2017 3:19:49 PM launcher.Launcher addProducer
WARNING: Fetcher #68 has started
Dec 06, 2017 3:19:49 PM launcher.Launcher addProducer
WARNING: Fetcher #69 has started
Dec 06, 2017 3:19:49 PM launcher.Launcher addProducer
WARNING: Fetcher #70 has started
Dec 06, 2017 3:19:49 PM launcher.Launcher addProducer
WARNING: Fetcher #71 has started
Dec 06, 2017 3:19:49 PM launcher.Launcher addProducer
WARNING: Fetcher #72 has started
Dec 06, 2017 3:19:50 PM launcher.Launcher addProducer
WARNING: Fetcher #73 has started
Dec 06, 2017 3:19:50 PM launcher.Launcher addProducer
WARNING: Fetcher #74 has started
Dec 06, 2017 3:19:50 PM launcher.Launcher addProducer
WARNING: Fetcher #75 has started
Dec 06, 2017 3:19:50 PM launcher.Launcher addProducer
WARNING: Fetcher #76 has started
Dec 06, 2017 3:19:51 PM producers.Fetcher run
WARNING: Download Failure: Server returned HTTP response code: 504 for URL: http://www.startswithyou.com/
Dec 06, 2017 3:19:51 PM launcher.Launcher addProducer
WARNING: Fetcher #77 has started
Dec 06, 2017 3:19:51 PM launcher.Launcher addProducer
WARNING: Fetcher #78 has started
Dec 06, 2017 3:19:51 PM launcher.Launcher addProducer
WARNING: Fetcher #79 has started
Dec 06, 2017 3:19:52 PM launcher.Launcher addProducer
WARNING: Fetcher #80 has started
Dec 06, 2017 3:19:52 PM launcher.Launcher addProducer
WARNING: Fetcher #81 has started
Dec 06, 2017 3:19:54 PM producers.Fetcher run
WARNING: Download Failure: newspaperads.mercurynews.com
Dec 06, 2017 3:19:57 PM producers.Fetcher run
WARNING: Download Failure: Server redirected too many  times (20)
Dec 06, 2017 3:19:58 PM producers.Fetcher run
WARNING: Download Failure: Server returned HTTP response code: 403 for URL: http://www.metacritic.com/
Dec 06, 2017 3:19:58 PM producers.Fetcher run
WARNING: Download Failure: Server returned HTTP response code: 403 for URL: http://www.tv.com/
Dec 06, 2017 3:20:01 PM producers.Fetcher run
WARNING: Download Failure: Server redirected too many  times (20)
Dec 06, 2017 3:20:01 PM producers.Fetcher run
WARNING: Download Failure: Server redirected too many  times (20)
Dec 06, 2017 3:20:01 PM producers.Fetcher run
WARNING: Download Failure: Server returned HTTP response code: 403 for URL: http://origin.factcheck.org/xmlrpc.php?rsd
Dec 06, 2017 3:20:02 PM producers.Fetcher run
WARNING: Download Failure: Server redirected too many  times (20)
Dec 06, 2017 3:20:02 PM producers.Fetcher run
WARNING: Download Failure: Server redirected too many  times (20)
Dec 06, 2017 3:20:03 PM producers.Fetcher run
WARNING: Download Failure: Server redirected too many  times (20)
Dec 06, 2017 3:20:04 PM producers.Fetcher run
WARNING: Download Failure: Server redirected too many  times (20)
Dec 06, 2017 3:20:05 PM producers.Fetcher run
WARNING: Download Failure: Connection timed out: connect
Dec 06, 2017 3:20:05 PM producers.Fetcher run
WARNING: Download Failure: Connection timed out: connect
Dec 06, 2017 3:20:05 PM producers.Fetcher run
WARNING: Download Failure: Connection timed out: connect
Dec 06, 2017 3:20:06 PM producers.Fetcher run
WARNING: Download Failure: Connection timed out: connect
Dec 06, 2017 3:20:06 PM producers.Fetcher run
WARNING: Download Failure: Connection timed out: connect
Dec 06, 2017 3:20:06 PM producers.Fetcher run
WARNING: Download Failure: Server returned HTTP response code: 403 for URL: http://www.politifact.com.au/
Dec 06, 2017 3:20:06 PM producers.Fetcher run
WARNING: Download Failure: Server returned HTTP response code: 403 for URL: http://www.politifact.com.au/
Dec 06, 2017 3:20:06 PM producers.Fetcher run
WARNING: Download Failure: Server returned HTTP response code: 403 for URL: http://www.politifact.com.au/
Dec 06, 2017 3:20:07 PM producers.Fetcher run
WARNING: Download Failure: Server returned HTTP response code: 403 for URL: http://www.localxmarketing.com/
Dec 06, 2017 3:20:07 PM producers.Fetcher run
WARNING: Download Failure: Server returned HTTP response code: 403 for URL: http://www.politifact.com.au/
Dec 06, 2017 3:20:07 PM producers.Fetcher run
WARNING: Download Failure: http://sa.bbc.co.uk/
Dec 06, 2017 3:20:07 PM producers.Fetcher run
WARNING: Download Failure: Connection timed out: connect
Dec 06, 2017 3:20:09 PM producers.Fetcher run
WARNING: Download Failure: Read timed out
Dec 06, 2017 3:20:10 PM producers.Fetcher run
WARNING: Download Failure: Connection timed out: connect
Dec 06, 2017 3:20:10 PM producers.Fetcher run
WARNING: Download Failure: Connection timed out: connect
Dec 06, 2017 3:20:10 PM producers.Fetcher run
WARNING: Download Failure: Connection timed out: connect
Dec 06, 2017 3:20:10 PM producers.Fetcher run
WARNING: Download Failure: http://www.brainstormmag.co.za/index.php?option=com_content&amp;view=article&amp;id=4316&amp;Itemid=130
Dec 06, 2017 3:20:10 PM producers.Fetcher run
WARNING: Download Failure: Connection timed out: connect
Dec 06, 2017 3:20:11 PM producers.Fetcher run
WARNING: Download Failure: Connection timed out: connect
Dec 06, 2017 3:20:11 PM producers.Fetcher run
WARNING: Download Failure: Connection timed out: connect
Dec 06, 2017 3:20:12 PM producers.Fetcher run
WARNING: Download Failure: Connection timed out: connect
Dec 06, 2017 3:20:12 PM producers.Fetcher run
WARNING: Download Failure: Connection timed out: connect
Dec 06, 2017 3:20:12 PM producers.Fetcher run
WARNING: Download Failure: Server returned HTTP response code: 401 for URL: http://adx.itweb.co.za/admin/index.php
Dec 06, 2017 3:20:12 PM producers.Fetcher run
WARNING: Download Failure: Server returned HTTP response code: 401 for URL: http://adx.itweb.co.za/admin/index.php
Dec 06, 2017 3:20:12 PM producers.Fetcher run
WARNING: Download Failure: Server returned HTTP response code: 401 for URL: http://adx.itweb.co.za/admin/index.php
Dec 06, 2017 3:20:12 PM producers.Fetcher run
WARNING: Download Failure: Server returned HTTP response code: 999 for URL: http://www.linkedin.com/company/itweb
Dec 06, 2017 3:20:13 PM producers.Fetcher run
WARNING: Download Failure: Connection timed out: connect
Dec 06, 2017 3:20:22 PM producers.Fetcher run
WARNING: Download Failure: Server returned HTTP response code: 403 for URL: http://www.cnnnewsource.com/xmlrpc.php?rsd
